2026-01-12 00:00:37 INFO  c.n.d.s.r.aws.ConfigClusterResolver - Resolving eureka endpoints via configuration
2026-01-12 00:05:37 INFO  c.n.d.s.r.aws.ConfigClusterResolver - Resolving eureka endpoints via configuration
2026-01-12 00:10:37 INFO  c.n.d.s.r.aws.ConfigClusterResolver - Resolving eureka endpoints via configuration
2026-01-12 00:10:48 INFO  o.s.b.a.SpringApplicationAdminMXBeanRegistrar$SpringApplicationAdmin - Application shutdown requested.
2026-01-12 00:10:48 INFO  c.netflix.discovery.DiscoveryClient - Saw local status change event StatusChangeEvent [timestamp=1768156848529, current=DOWN, previous=UP]
2026-01-12 00:10:48 INFO  c.netflix.discovery.DiscoveryClient - DiscoveryClient_API-GATEWAY/vamshiPC:api-gateway:9191: registering service...
2026-01-12 00:10:48 INFO  c.netflix.discovery.DiscoveryClient - DiscoveryClient_API-GATEWAY/vamshiPC:api-gateway:9191 - registration status: 204
2026-01-12 00:10:48 INFO  o.s.b.w.e.netty.GracefulShutdown - Commencing graceful shutdown. Waiting for active requests to complete
2026-01-12 00:10:48 INFO  o.s.b.w.e.netty.GracefulShutdown - Graceful shutdown complete
2026-01-12 00:10:50 INFO  c.netflix.discovery.DiscoveryClient - Shutting down DiscoveryClient ...
2026-01-12 00:10:53 INFO  c.netflix.discovery.DiscoveryClient - Unregistering ...
2026-01-12 00:10:53 INFO  c.netflix.discovery.DiscoveryClient - DiscoveryClient_API-GATEWAY/vamshiPC:api-gateway:9191 - deregister  status: 200
2026-01-12 00:10:53 INFO  c.netflix.discovery.DiscoveryClient - Completed shut down of DiscoveryClient
2026-01-12 00:11:14 INFO  o.h.validator.internal.util.Version - HV000001: Hibernate Validator 8.0.3.Final
2026-01-12 00:11:14 INFO  c.example.demo.ApiGatewayApplication - Starting ApiGatewayApplication using Java 17.0.7 with PID 29348 (C:\Users\mukth\IdeaProjects\api-gateway\target\classes started by mukth in C:\Users\mukth\IdeaProjects\api-gateway)
2026-01-12 00:11:14 INFO  c.example.demo.ApiGatewayApplication - No active profile set, falling back to 1 default profile: "default"
2026-01-12 00:11:16 INFO  o.s.cloud.context.scope.GenericScope - BeanFactory id=702b028f-bce4-3365-9fc2-f48b065b26a7
2026-01-12 00:11:17 WARN  o.s.c.g.c.GatewayClassPathWarningAutoConfiguration - 

**********************************************************

The artifact spring-cloud-gateway-server is deprecated. It will be removed in the next major release. Please add spring-cloud-gateway-server-webflux dependency.

**********************************************************


2026-01-12 00:11:17 INFO  o.s.c.g.r.RouteDefinitionRouteLocator - Loaded RoutePredicateFactory [After]
2026-01-12 00:11:17 INFO  o.s.c.g.r.RouteDefinitionRouteLocator - Loaded RoutePredicateFactory [Before]
2026-01-12 00:11:17 INFO  o.s.c.g.r.RouteDefinitionRouteLocator - Loaded RoutePredicateFactory [Between]
2026-01-12 00:11:17 INFO  o.s.c.g.r.RouteDefinitionRouteLocator - Loaded RoutePredicateFactory [Cookie]
2026-01-12 00:11:17 INFO  o.s.c.g.r.RouteDefinitionRouteLocator - Loaded RoutePredicateFactory [Header]
2026-01-12 00:11:17 INFO  o.s.c.g.r.RouteDefinitionRouteLocator - Loaded RoutePredicateFactory [Host]
2026-01-12 00:11:17 INFO  o.s.c.g.r.RouteDefinitionRouteLocator - Loaded RoutePredicateFactory [Method]
2026-01-12 00:11:17 INFO  o.s.c.g.r.RouteDefinitionRouteLocator - Loaded RoutePredicateFactory [Path]
2026-01-12 00:11:17 INFO  o.s.c.g.r.RouteDefinitionRouteLocator - Loaded RoutePredicateFactory [Query]
2026-01-12 00:11:17 INFO  o.s.c.g.r.RouteDefinitionRouteLocator - Loaded RoutePredicateFactory [ReadBody]
2026-01-12 00:11:17 INFO  o.s.c.g.r.RouteDefinitionRouteLocator - Loaded RoutePredicateFactory [RemoteAddr]
2026-01-12 00:11:17 INFO  o.s.c.g.r.RouteDefinitionRouteLocator - Loaded RoutePredicateFactory [XForwardedRemoteAddr]
2026-01-12 00:11:17 INFO  o.s.c.g.r.RouteDefinitionRouteLocator - Loaded RoutePredicateFactory [Weight]
2026-01-12 00:11:17 INFO  o.s.c.g.r.RouteDefinitionRouteLocator - Loaded RoutePredicateFactory [CloudFoundryRouteService]
2026-01-12 00:11:18 INFO  o.s.b.a.e.web.EndpointLinksResolver - Exposing 1 endpoint beneath base path '/actuator'
2026-01-12 00:11:19 WARN  o.s.c.g.s.w.s.StarterDeprecatedAutoConfiguration - 

**********************************************************

spring-cloud-starter-gateway is deprecated. It will be removed in the next major release. Please use spring-cloud-starter-gateway-server-webflux instead.

**********************************************************


2026-01-12 00:11:19 WARN  o.s.c.l.c.LoadBalancerCacheAutoConfiguration$LoadBalancerCaffeineWarnLogger - Spring Cloud LoadBalancer is currently working with the default cache. While this cache implementation is useful for development and tests, it's recommended to use Caffeine cache in production.You can switch to using Caffeine cache, by adding it and org.springframework.cache.caffeine.CaffeineCacheManager to the classpath.
2026-01-12 00:11:19 INFO  c.netflix.discovery.DiscoveryClient - Initializing Eureka in region us-east-1
2026-01-12 00:11:19 INFO  c.n.d.s.r.aws.ConfigClusterResolver - Resolving eureka endpoints via configuration
2026-01-12 00:11:19 INFO  c.netflix.discovery.DiscoveryClient - Disable delta property : false
2026-01-12 00:11:19 INFO  c.netflix.discovery.DiscoveryClient - Single vip registry refresh property : null
2026-01-12 00:11:19 INFO  c.netflix.discovery.DiscoveryClient - Force full registry fetch : false
2026-01-12 00:11:19 INFO  c.netflix.discovery.DiscoveryClient - Application is null : false
2026-01-12 00:11:19 INFO  c.netflix.discovery.DiscoveryClient - Registered Applications size is zero : true
2026-01-12 00:11:19 INFO  c.netflix.discovery.DiscoveryClient - Application version is -1: true
2026-01-12 00:11:19 INFO  c.netflix.discovery.DiscoveryClient - Getting all instance registry info from the eureka server
2026-01-12 00:11:19 INFO  c.netflix.discovery.DiscoveryClient - The response status is 200
2026-01-12 00:11:19 INFO  c.netflix.discovery.DiscoveryClient - Starting heartbeat executor: renew interval is: 30
2026-01-12 00:11:19 INFO  c.n.discovery.InstanceInfoReplicator - InstanceInfoReplicator onDemand update allowed rate per min is 4
2026-01-12 00:11:19 INFO  c.netflix.discovery.DiscoveryClient - Discovery Client initialized at timestamp 1768156879784 with initial instances count: 2
2026-01-12 00:11:19 INFO  c.netflix.discovery.DiscoveryClient - Saw local status change event StatusChangeEvent [timestamp=1768156879790, current=UP, previous=STARTING]
2026-01-12 00:11:19 INFO  c.netflix.discovery.DiscoveryClient - DiscoveryClient_API-GATEWAY/vamshiPC:api-gateway:9191: registering service...
2026-01-12 00:11:19 INFO  c.netflix.discovery.DiscoveryClient - DiscoveryClient_API-GATEWAY/vamshiPC:api-gateway:9191 - registration status: 204
2026-01-12 00:11:20 INFO  o.s.b.w.e.netty.NettyWebServer - Netty started on port 9191 (http)
2026-01-12 00:11:20 INFO  c.example.demo.ApiGatewayApplication - Started ApiGatewayApplication in 7.515 seconds (process running for 8.398)
2026-01-12 00:11:20 WARN  o.s.c.g.c.GatewayServerWebfluxPropertiesMigrationListener - 
The use of configuration keys that have been renamed was found in the environment:

Property source 'Config resource 'class path resource [application.properties]' via location 'optional:classpath:/'':
	Key: spring.cloud.gateway.routes[0].id
		Line: 23
		Replacement: spring.cloud.gateway.server.webflux.routes[0].id
	Key: spring.cloud.gateway.routes[0].uri
		Line: 24
		Replacement: spring.cloud.gateway.server.webflux.routes[0].uri
	Key: spring.cloud.gateway.routes[0].predicates[0]
		Line: 25
		Replacement: spring.cloud.gateway.server.webflux.routes[0].predicates[0]
	Key: spring.cloud.gateway.routes[0].filters[0]
		Line: 26
		Replacement: spring.cloud.gateway.server.webflux.routes[0].filters[0]


Each configuration key has been temporarily mapped to its replacement for your convenience. To silence this warning, please update your configuration to use the new keys.

2026-01-12 00:11:20 WARN  o.s.b.c.p.m.PropertiesMigrationListener - 
The use of configuration keys that have been renamed was found in the environment:

Property source 'Config resource 'class path resource [application.properties]' via location 'optional:classpath:/'':
	Key: spring.cloud.gateway.discovery.locator.enabled
		Line: 9
		Replacement: spring.cloud.gateway.server.webflux.discovery.locator.enabled
	Key: spring.cloud.gateway.discovery.locator.lower-case-service-id
		Line: 10
		Replacement: spring.cloud.gateway.server.webflux.discovery.locator.lower-case-service-id
	Key: spring.cloud.gateway.forwarded.enabled
		Line: 19
		Replacement: spring.cloud.gateway.server.webflux.forwarded.enabled
	Key: spring.cloud.gateway.globalcors.cors-configurations[/**].allowedorigins
		Line: 13
		Replacement: spring.cloud.gateway.server.webflux.globalcors.cors-configurations[/**].allowedorigins
	Key: spring.cloud.gateway.globalcors.cors-configurations[/**].allowedmethods
		Line: 14
		Replacement: spring.cloud.gateway.server.webflux.globalcors.cors-configurations[/**].allowedmethods
	Key: spring.cloud.gateway.globalcors.cors-configurations[/**].allowedheaders
		Line: 15
		Replacement: spring.cloud.gateway.server.webflux.globalcors.cors-configurations[/**].allowedheaders
	Key: spring.cloud.gateway.globalcors.cors-configurations[/**].allowcredentials
		Line: 16
		Replacement: spring.cloud.gateway.server.webflux.globalcors.cors-configurations[/**].allowcredentials


Each configuration key has been temporarily mapped to its replacement for your convenience. To silence this warning, please update your configuration to use the new keys.

2026-01-12 00:11:49 WARN  o.s.c.l.core.RoundRobinLoadBalancer - No servers available for service: SECURECARD
2026-01-12 00:11:49 WARN  o.s.c.l.core.RoundRobinLoadBalancer - No servers available for service: SECURECARD
2026-01-12 00:16:19 INFO  c.n.d.s.r.aws.ConfigClusterResolver - Resolving eureka endpoints via configuration
2026-01-12 00:19:16 INFO  o.s.b.a.SpringApplicationAdminMXBeanRegistrar$SpringApplicationAdmin - Application shutdown requested.
2026-01-12 00:19:16 INFO  c.netflix.discovery.DiscoveryClient - Saw local status change event StatusChangeEvent [timestamp=1768157356978, current=DOWN, previous=UP]
2026-01-12 00:19:16 INFO  c.netflix.discovery.DiscoveryClient - DiscoveryClient_API-GATEWAY/vamshiPC:api-gateway:9191: registering service...
2026-01-12 00:19:17 INFO  c.netflix.discovery.DiscoveryClient - DiscoveryClient_API-GATEWAY/vamshiPC:api-gateway:9191 - registration status: 204
2026-01-12 00:19:17 INFO  o.s.b.w.e.netty.GracefulShutdown - Commencing graceful shutdown. Waiting for active requests to complete
2026-01-12 00:19:17 INFO  o.s.b.w.e.netty.GracefulShutdown - Graceful shutdown complete
2026-01-12 00:19:19 INFO  c.netflix.discovery.DiscoveryClient - Shutting down DiscoveryClient ...
2026-01-12 00:19:22 INFO  c.netflix.discovery.DiscoveryClient - Unregistering ...
2026-01-12 00:19:22 WARN  c.n.discovery.TimedSupervisorTask - task supervisor shutting down, can't accept the task
2026-01-12 00:19:22 INFO  c.netflix.discovery.DiscoveryClient - DiscoveryClient_API-GATEWAY/vamshiPC:api-gateway:9191 - deregister  status: 200
2026-01-12 00:19:22 INFO  c.netflix.discovery.DiscoveryClient - Completed shut down of DiscoveryClient
